#
# There is insufficient memory for the Java Runtime Environment to continue.
# Native memory allocation (malloc) failed to allocate 1395536 bytes for Chunk::new
# Possible reasons:
#   The system is out of physical RAM or swap space
#   The process is running with CompressedOops enabled, and the Java Heap may be blocking the growth of the native heap
# Possible solutions:
#   Reduce memory load on the system
#   Increase physical memory or swap space
#   Check if swap backing store is full
#   Decrease Java heap size (-Xmx/-Xms)
#   Decrease number of Java threads
#   Decrease Java thread stack sizes (-Xss)
#   Set larger code cache with -XX:ReservedCodeCacheSize=
#   JVM is running with Unscaled Compressed Oops mode in which the Java heap is
#     placed in the first 4GB address space. The Java Heap base address is the
#     maximum limit for the native heap growth. Please use -XX:HeapBaseMinAddress
#     to set the Java Heap base and to place the Java Heap above 4GB virtual address.
# This output file may be truncated or incomplete.
#
#  Out of Memory Error (allocation.cpp:389), pid=11780, tid=0x0000000000002a40
#
# JRE version: OpenJDK Runtime Environment (8.0_242-b01) (build 1.8.0_242-release-1644-b01)
# Java VM: OpenJDK 64-Bit Server VM (25.242-b01 mixed mode windows-amd64 compressed oops)
# Failed to write core dump. Minidumps are not enabled by default on client versions of Windows
#

---------------  T H R E A D  ---------------

Current thread (0x00000000139f4800):  JavaThread "C2 CompilerThread0" daemon [_thread_in_native, id=10816, stack(0x0000000015040000,0x0000000015140000)]

Stack: [0x0000000015040000,0x0000000015140000]
[error occurred during error reporting (printing stack bounds), id 0xc0000005]

Native frames: (J=compiled Java code, j=interpreted, Vv=VM code, C=native code)


Current CompileTask:
C2: 393866 14297       4       com.android.utils.XmlUtils::append (540 bytes)


---------------  P R O C E S S  ---------------

Java Threads: ( => current thread )
  0x0000000015ced000 JavaThread "stdout" daemon [_thread_in_native, id=10956, stack(0x0000000023240000,0x0000000023340000)]
  0x0000000015ce8000 JavaThread "stderr" daemon [_thread_in_native, id=11840, stack(0x0000000023140000,0x0000000023240000)]
  0x0000000015cee000 JavaThread "stdout" daemon [_thread_in_native, id=9628, stack(0x0000000023040000,0x0000000023140000)]
  0x0000000015ce5800 JavaThread "stdout" daemon [_thread_in_native, id=8516, stack(0x0000000022f40000,0x0000000023040000)]
  0x0000000015ce5000 JavaThread "stderr" daemon [_thread_in_native, id=7072, stack(0x0000000022e40000,0x0000000022f40000)]
  0x0000000015ce7000 JavaThread "stderr" daemon [_thread_in_native, id=7328, stack(0x0000000022d40000,0x0000000022e40000)]
  0x0000000015ce6800 JavaThread "pool-4-thread-1" [_thread_blocked, id=10368, stack(0x0000000022c40000,0x0000000022d40000)]
  0x0000000015190000 JavaThread "MarlinRenderer Disposer" daemon [_thread_blocked, id=11388, stack(0x0000000022b40000,0x0000000022c40000)]
  0x00000000199e5800 JavaThread "Java2D Disposer" daemon [_thread_blocked, id=1892, stack(0x0000000022a40000,0x0000000022b40000)]
  0x00000000199ec800 JavaThread "ForkJoinPool.commonPool-worker-3" daemon [_thread_blocked, id=1804, stack(0x0000000022740000,0x0000000022840000)]
  0x00000000199e5000 JavaThread "ForkJoinPool.commonPool-worker-2" daemon [_thread_blocked, id=11196, stack(0x0000000022640000,0x0000000022740000)]
  0x00000000199e4000 JavaThread "ForkJoinPool.commonPool-worker-1" daemon [_thread_blocked, id=10172, stack(0x0000000022540000,0x0000000022640000)]
  0x00000000199e7000 JavaThread "Task worker for ':' Thread 3" [_thread_blocked, id=11524, stack(0x0000000022440000,0x0000000022540000)]
  0x0000000016f2f800 JavaThread "Task worker for ':' Thread 2" [_thread_blocked, id=9348, stack(0x0000000022340000,0x0000000022440000)]
  0x0000000016f2e000 JavaThread "Task worker for ':'" [_thread_blocked, id=11416, stack(0x0000000022240000,0x0000000022340000)]
  0x0000000016f2f000 JavaThread "Cache worker for Build Output Cleanup Cache (E:\New folder (2)\Backup-Parcparent2moh-master\.gradle\buildOutputCleanup)" [_thread_blocked, id=10520, stack(0x0000000022140000,0x0000000022240000)]
  0x0000000016f2d800 JavaThread "Cache worker for task history cache (E:\New folder (2)\Backup-Parcparent2moh-master\.gradle\4.6\taskHistory)" [_thread_blocked, id=4924, stack(0x0000000022040000,0x0000000022140000)]
  0x0000000016f30800 JavaThread "Cache worker for file content cache (E:\New folder (2)\Backup-Parcparent2moh-master\.gradle\4.6\fileContent)" [_thread_blocked, id=624, stack(0x0000000021f40000,0x0000000022040000)]
  0x0000000016f2c000 JavaThread "Build operations Thread 4" [_thread_blocked, id=8748, stack(0x0000000021e40000,0x0000000021f40000)]
  0x0000000016f31000 JavaThread "Build operations Thread 3" [_thread_blocked, id=11356, stack(0x0000000021d40000,0x0000000021e40000)]
  0x0000000016f2c800 JavaThread "Build operations Thread 2" [_thread_blocked, id=784, stack(0x0000000021c40000,0x0000000021d40000)]
  0x0000000016f24800 JavaThread "Build operations" [_thread_blocked, id=7044, stack(0x0000000021b40000,0x0000000021c40000)]
  0x0000000016f2b000 JavaThread "Cache worker for Artifact transforms cache (C:\Users\User\.gradle\caches\transforms-1)" [_thread_blocked, id=5008, stack(0x0000000021a40000,0x0000000021b40000)]
  0x0000000016f26000 JavaThread "Cache worker for file hash cache (E:\New folder (2)\Backup-Parcparent2moh-master\.gradle\4.6\fileHashes)" [_thread_blocked, id=4220, stack(0x0000000021940000,0x0000000021a40000)]
  0x0000000016f25000 JavaThread "Stdin handler" [_thread_blocked, id=7836, stack(0x0000000021840000,0x0000000021940000)]
  0x0000000016f2a800 JavaThread "Asynchronous log dispatcher for DefaultDaemonConnection: socket connection from /127.0.0.1:10391 to /127.0.0.1:10429" [_thread_blocked, id=2684, stack(0x0000000021740000,0x0000000021840000)]
  0x0000000016f23000 JavaThread "Daemon worker Thread 2" [_thread_blocked, id=12208, stack(0x0000000021640000,0x0000000021740000)]
  0x0000000016f29800 JavaThread "Cancel handler" [_thread_blocked, id=11296, stack(0x0000000021540000,0x0000000021640000)]
  0x0000000016f22000 JavaThread "Handler for socket connection from /127.0.0.1:10391 to /127.0.0.1:10429" [_thread_in_native, id=9808, stack(0x0000000021440000,0x0000000021540000)]
  0x0000000016f23800 JavaThread "Daemon Thread 2" [_thread_blocked, id=10328, stack(0x0000000021340000,0x0000000021440000)]
  0x0000000016f26800 JavaThread "pool-1-thread-1" [_thread_blocked, id=5776, stack(0x0000000021240000,0x0000000021340000)]
  0x00000000199ea800 JavaThread "Memory manager" [_thread_blocked, id=9164, stack(0x000000001d0a0000,0x000000001d1a0000)]
  0x0000000015190800 JavaThread "File lock request listener" [_thread_in_native, id=5948, stack(0x0000000018530000,0x0000000018630000)]
  0x0000000015193000 JavaThread "Cache worker for file hash cache (C:\Users\User\.gradle\caches\4.6\fileHashes)" [_thread_blocked, id=10992, stack(0x0000000018430000,0x0000000018530000)]
  0x0000000015d74800 JavaThread "Daemon periodic checks" [_thread_blocked, id=7624, stack(0x0000000017930000,0x0000000017a30000)]
  0x0000000015eab800 JavaThread "Incoming local TCP Connector on port 10391" [_thread_in_native, id=8452, stack(0x0000000017750000,0x0000000017850000)]
  0x000000001519c800 JavaThread "Service Thread" daemon [_thread_blocked, id=3140, stack(0x0000000015740000,0x0000000015840000)]
  0x0000000015192000 JavaThread "C1 CompilerThread2" daemon [_thread_blocked, id=1632, stack(0x0000000015640000,0x0000000015740000)]
  0x0000000015173800 JavaThread "C2 CompilerThread1" daemon [_thread_blocked, id=1500, stack(0x0000000015540000,0x0000000015640000)]
=>0x00000000139f4800 JavaThread "C2 CompilerThread0" daemon [_thread_in_native, id=10816, stack(0x0000000015040000,0x0000000015140000)]
  0x00000000139f2800 JavaThread "Attach Listener" daemon [_thread_blocked, id=11372, stack(0x0000000014f40000,0x0000000015040000)]
  0x0000000013a43800 JavaThread "Signal Dispatcher" daemon [_thread_blocked, id=2084, stack(0x0000000014e40000,0x0000000014f40000)]
  0x00000000025c5800 JavaThread "Finalizer" daemon [_thread_blocked, id=10872, stack(0x0000000014c60000,0x0000000014d60000)]
  0x00000000139d9000 JavaThread "Reference Handler" daemon [_thread_blocked, id=4524, stack(0x0000000014b60000,0x0000000014c60000)]
  0x000000000222d800 JavaThread "main" [_thread_blocked, id=9156, stack(0x00000000023d0000,0x00000000024d0000)]

Other Threads:
  0x00000000139b6800 VMThread [stack: 0x0000000014a60000,0x0000000014b60000] [id=11692]
  0x000000001519d000 WatcherThread [stack: 0x0000000015840000,0x0000000015940000] [id=11508]

VM state:not at safepoint (normal execution)

VM Mutex/Monitor currently owned by a thread: None

heap address: 0x00000000e0000000, size: 512 MB, Compressed Oops mode: 32-bit
Narrow klass base: 0x0000000000000000, Narrow klass shift: 3
Compressed class space size: 1073741824 Address: 0x0000000100000000

Heap:
 PSYoungGen      total 131072K, used 91143K [0x00000000f5580000, 0x0000000100000000, 0x0000000100000000)
  eden space 97792K, 64% used [0x00000000f5580000,0x00000000f9355308,0x00000000fb500000)
  from space 33280K, 83% used [0x00000000fdf80000,0x00000000ffaaca38,0x0000000100000000)
  to   space 38400K, 0% used [0x00000000fb500000,0x00000000fb500000,0x00000000fda80000)
 ParOldGen       total 78848K, used 61480K [0x00000000e0000000, 0x00000000e4d00000, 0x00000000f5580000)
  object space 78848K, 77% used [0x00000000e0000000,0x00000000e3c0a278,0x00000000e4d00000)
 Metaspace       used 77076K, capacity 79488K, committed 79744K, reserved 1118208K
  class space    used 9761K, capacity 10350K, committed 10368K, reserved 1048576K

Card table byte_map: [0x0000000011990000,0x0000000011aa0000] byte_map_base: 0x0000000011290000

Marking Bits: (ParMarkBitMap*) 0x0000000050cff030
 Begin Bits: [0x0000000011f50000, 0x0000000012750000)
 End Bits:   [0x0000000012750000, 0x0000000012f50000)

Polling page: 0x0000000000880000

CodeCache: size=245760Kb used=41796Kb max_used=41989Kb free=203963Kb
 bounds [0x00000000025d0000, 0x0000000004f20000, 0x00000000115d0000]
 total_blobs=12612 nmethods=11654 adapters=872
 compilation: enabled

Compilation events (10 events):
Event: 393.022 Thread 0x0000000015192000 nmethod 14298 0x0000000003ff5850 code [0x0000000003ff5a00, 0x0000000003ff5f18]
Event: 393.041 Thread 0x00000000139f4800 nmethod 14265 0x0000000004b688d0 code [0x0000000004b68b20, 0x0000000004b69a30]
Event: 393.041 Thread 0x00000000139f4800 14297       4       com.android.utils.XmlUtils::append (540 bytes)
Event: 393.048 Thread 0x0000000015173800 nmethod 14259 0x0000000003b61690 code [0x0000000003b61b60, 0x0000000003b648e0]
Event: 393.048 Thread 0x0000000015173800 14261       4       com.sun.org.apache.xerces.internal.dom.CharacterDataImpl::getNodeValue (16 bytes)
Event: 393.059 Thread 0x0000000015173800 nmethod 14261 0x0000000004acd750 code [0x0000000004acd8c0, 0x0000000004acdbe8]
Event: 393.059 Thread 0x0000000015173800 14285       4       com.sun.org.apache.xerces.internal.dom.AttributeMap::<init> (27 bytes)
Event: 393.061 Thread 0x0000000015173800 nmethod 14285 0x00000000027bde10 code [0x00000000027bdf40, 0x00000000027bdfd8]
Event: 393.061 Thread 0x0000000015173800 14233       4       com.google.gson.stream.JsonWriter::beforeValue (134 bytes)
Event: 393.089 Thread 0x0000000015173800 nmethod 14233 0x0000000004c2eb90 code [0x0000000004c2ed40, 0x0000000004c2f808]

GC Heap History (10 events):
Event: 372.705 GC heap before
{Heap before GC invocations=31 (full 3):
 PSYoungGen      total 143872K, used 143410K [0x00000000f5580000, 0x0000000100000000, 0x0000000100000000)
  eden space 119296K, 100% used [0x00000000f5580000,0x00000000fca00000,0x00000000fca00000)
  from space 24576K, 98% used [0x00000000fca00000,0x00000000fe18ca98,0x00000000fe200000)
  to   space 30208K, 0% used [0x00000000fe280000,0x00000000fe280000,0x0000000100000000)
 ParOldGen       total 78848K, used 44860K [0x00000000e0000000, 0x00000000e4d00000, 0x00000000f5580000)
  object space 78848K, 56% used [0x00000000e0000000,0x00000000e2bcf290,0x00000000e4d00000)
 Metaspace       used 72247K, capacity 74740K, committed 75008K, reserved 1114112K
  class space    used 9281K, capacity 9874K, committed 9984K, reserved 1048576K
Event: 372.740 GC heap after
Heap after GC invocations=31 (full 3):
 PSYoungGen      total 140288K, used 22815K [0x00000000f5580000, 0x0000000100000000, 0x0000000100000000)
  eden space 110080K, 0% used [0x00000000f5580000,0x00000000f5580000,0x00000000fc100000)
  from space 30208K, 75% used [0x00000000fe280000,0x00000000ff8c7f90,0x0000000100000000)
  to   space 32256K, 0% used [0x00000000fc100000,0x00000000fc100000,0x00000000fe080000)
 ParOldGen       total 78848K, used 44868K [0x00000000e0000000, 0x00000000e4d00000, 0x00000000f5580000)
  object space 78848K, 56% used [0x00000000e0000000,0x00000000e2bd1290,0x00000000e4d00000)
 Metaspace       used 72247K, capacity 74740K, committed 75008K, reserved 1114112K
  class space    used 9281K, capacity 9874K, committed 9984K, reserved 1048576K
}
Event: 373.006 GC heap before
{Heap before GC invocations=32 (full 3):
 PSYoungGen      total 140288K, used 132895K [0x00000000f5580000, 0x0000000100000000, 0x0000000100000000)
  eden space 110080K, 100% used [0x00000000f5580000,0x00000000fc100000,0x00000000fc100000)
  from space 30208K, 75% used [0x00000000fe280000,0x00000000ff8c7f90,0x0000000100000000)
  to   space 32256K, 0% used [0x00000000fc100000,0x00000000fc100000,0x00000000fe080000)
 ParOldGen       total 78848K, used 44868K [0x00000000e0000000, 0x00000000e4d00000, 0x00000000f5580000)
  object space 78848K, 56% used [0x00000000e0000000,0x00000000e2bd1290,0x00000000e4d00000)
 Metaspace       used 72249K, capacity 74740K, committed 75008K, reserved 1114112K
  class space    used 9281K, capacity 9874K, committed 9984K, reserved 1048576K
Event: 373.045 GC heap after
Heap after GC invocations=32 (full 3):
 PSYoungGen      total 142336K, used 15978K [0x00000000f5580000, 0x0000000100000000, 0x0000000100000000)
  eden space 110080K, 0% used [0x00000000f5580000,0x00000000f5580000,0x00000000fc100000)
  from space 32256K, 49% used [0x00000000fc100000,0x00000000fd09abd8,0x00000000fe080000)
  to   space 31232K, 0% used [0x00000000fe180000,0x00000000fe180000,0x0000000100000000)
 ParOldGen       total 78848K, used 51714K [0x00000000e0000000, 0x00000000e4d00000, 0x00000000f5580000)
  object space 78848K, 65% used [0x00000000e0000000,0x00000000e3280868,0x00000000e4d00000)
 Metaspace       used 72249K, capacity 74740K, committed 75008K, reserved 1114112K
  class space    used 9281K, capacity 9874K, committed 9984K, reserved 1048576K
}
Event: 383.674 GC heap before
{Heap before GC invocations=33 (full 3):
 PSYoungGen      total 142336K, used 126058K [0x00000000f5580000, 0x0000000100000000, 0x0000000100000000)
  eden space 110080K, 100% used [0x00000000f5580000,0x00000000fc100000,0x00000000fc100000)
  from space 32256K, 49% used [0x00000000fc100000,0x00000000fd09abd8,0x00000000fe080000)
  to   space 31232K, 0% used [0x00000000fe180000,0x00000000fe180000,0x0000000100000000)
 ParOldGen       total 78848K, used 51714K [0x00000000e0000000, 0x00000000e4d00000, 0x00000000f5580000)
  object space 78848K, 65% used [0x00000000e0000000,0x00000000e3280868,0x00000000e4d00000)
 Metaspace       used 73841K, capacity 76272K, committed 76416K, reserved 1116160K
  class space    used 9478K, capacity 10090K, committed 10112K, reserved 1048576K
Event: 383.705 GC heap after
Heap after GC invocations=33 (full 3):
 PSYoungGen      total 139264K, used 15738K [0x00000000f5580000, 0x00000000ffd00000, 0x0000000100000000)
  eden space 111104K, 0% used [0x00000000f5580000,0x00000000f5580000,0x00000000fc200000)
  from space 28160K, 55% used [0x00000000fe180000,0x00000000ff0dea68,0x00000000ffd00000)
  to   space 30208K, 0% used [0x00000000fc200000,0x00000000fc200000,0x00000000fdf80000)
 ParOldGen       total 78848K, used 53482K [0x00000000e0000000, 0x00000000e4d00000, 0x00000000f5580000)
  object space 78848K, 67% used [0x00000000e0000000,0x00000000e343a878,0x00000000e4d00000)
 Metaspace       used 73841K, capacity 76272K, committed 76416K, reserved 1116160K
  class space    used 9478K, capacity 10090K, committed 10112K, reserved 1048576K
}
Event: 388.076 GC heap before
{Heap before GC invocations=34 (full 3):
 PSYoungGen      total 139264K, used 126576K [0x00000000f5580000, 0x00000000ffd00000, 0x0000000100000000)
  eden space 111104K, 99% used [0x00000000f5580000,0x00000000fc1bd670,0x00000000fc200000)
  from space 28160K, 55% used [0x00000000fe180000,0x00000000ff0dea68,0x00000000ffd00000)
  to   space 30208K, 0% used [0x00000000fc200000,0x00000000fc200000,0x00000000fdf80000)
 ParOldGen       total 78848K, used 53482K [0x00000000e0000000, 0x00000000e4d00000, 0x00000000f5580000)
  object space 78848K, 67% used [0x00000000e0000000,0x00000000e343a878,0x00000000e4d00000)
 Metaspace       used 76459K, capacity 78932K, committed 79232K, reserved 1118208K
  class space    used 9728K, capacity 10316K, committed 10368K, reserved 1048576K
Event: 388.138 GC heap after
Heap after GC invocations=34 (full 3):
 PSYoungGen      total 141312K, used 30186K [0x00000000f5580000, 0x0000000100000000, 0x0000000100000000)
  eden space 111104K, 0% used [0x00000000f5580000,0x00000000f5580000,0x00000000fc200000)
  from space 30208K, 99% used [0x00000000fc200000,0x00000000fdf7aad8,0x00000000fdf80000)
  to   space 33280K, 0% used [0x00000000fdf80000,0x00000000fdf80000,0x0000000100000000)
 ParOldGen       total 78848K, used 58073K [0x00000000e0000000, 0x00000000e4d00000, 0x00000000f5580000)
  object space 78848K, 73% used [0x00000000e0000000,0x00000000e38b67d0,0x00000000e4d00000)
 Metaspace       used 76459K, capacity 78932K, committed 79232K, reserved 1118208K
  class space    used 9728K, capacity 10316K, committed 10368K, reserved 1048576K
}
Event: 391.874 GC heap before
{Heap before GC invocations=35 (full 3):
 PSYoungGen      total 141312K, used 141290K [0x00000000f5580000, 0x0000000100000000, 0x0000000100000000)
  eden space 111104K, 100% used [0x00000000f5580000,0x00000000fc200000,0x00000000fc200000)
  from space 30208K, 99% used [0x00000000fc200000,0x00000000fdf7aad8,0x00000000fdf80000)
  to   space 33280K, 0% used [0x00000000fdf80000,0x00000000fdf80000,0x0000000100000000)
 ParOldGen       total 78848K, used 58074K [0x00000000e0000000, 0x00000000e4d00000, 0x00000000f5580000)
  object space 78848K, 73% used [0x00000000e0000000,0x00000000e38b6a50,0x00000000e4d00000)
 Metaspace       used 76832K, capacity 79290K, committed 79488K, reserved 1118208K
  class space    used 9738K, capacity 10349K, committed 10368K, reserved 1048576K
Event: 391.943 GC heap after
Heap after GC invocations=35 (full 3):
 PSYoungGen      total 131072K, used 27826K [0x00000000f5580000, 0x0000000100000000, 0x0000000100000000)
  eden space 97792K, 0% used [0x00000000f5580000,0x00000000f5580000,0x00000000fb500000)
  from space 33280K, 83% used [0x00000000fdf80000,0x00000000ffaaca38,0x0000000100000000)
  to   space 38400K, 0% used [0x00000000fb500000,0x00000000fb500000,0x00000000fda80000)
 ParOldGen       total 78848K, used 61480K [0x00000000e0000000, 0x00000000e4d00000, 0x00000000f5580000)
  object space 78848K, 77% used [0x00000000e0000000,0x00000000e3c0a278,0x00000000e4d00000)
 Metaspace       used 76832K, capacity 79290K, committed 79488K, reserved 1118208K
  class space    used 9738K, capacity 10349K, committed 10368K, reserved 1048576K
}

Deoptimization events (10 events):
Event: 392.756 Thread 0x00000000199e7000 Uncommon trap: reason=bimorphic action=maybe_recompile pc=0x0000000004c9cb54 method=com.sun.org.apache.xerces.internal.dom.ParentNode.checkNormalizationAfterInsert(Lcom/sun/org/apache/xerces/internal/dom/ChildNode;)V @ 23
Event: 392.764 Thread 0x00000000199e7000 Uncommon trap: reason=class_check action=maybe_recompile pc=0x0000000003228ba0 method=com.sun.org.apache.xerces.internal.dom.ElementImpl.getAttributes()Lorg/w3c/dom/NamedNodeMap; @ 8
Event: 392.765 Thread 0x00000000199e7000 Uncommon trap: reason=class_check action=maybe_recompile pc=0x0000000003228ba0 method=com.sun.org.apache.xerces.internal.dom.ElementImpl.getAttributes()Lorg/w3c/dom/NamedNodeMap; @ 8
Event: 392.765 Thread 0x00000000199e7000 Uncommon trap: reason=class_check action=maybe_recompile pc=0x0000000003228ba0 method=com.sun.org.apache.xerces.internal.dom.ElementImpl.getAttributes()Lorg/w3c/dom/NamedNodeMap; @ 8
Event: 392.765 Thread 0x00000000199e7000 Uncommon trap: reason=class_check action=maybe_recompile pc=0x0000000003228ba0 method=com.sun.org.apache.xerces.internal.dom.ElementImpl.getAttributes()Lorg/w3c/dom/NamedNodeMap; @ 8
Event: 392.865 Thread 0x00000000199e7000 Uncommon trap: reason=null_check action=make_not_entrant pc=0x0000000004ba1108 method=com.sun.org.apache.xerces.internal.dom.NamedNodeMapImpl.findNamePoint(Ljava/lang/String;Ljava/lang/String;)I @ 105
Event: 392.919 Thread 0x00000000199e7000 Uncommon trap: reason=unstable_if action=reinterpret pc=0x0000000004ccbd10 method=com.android.utils.XmlUtils.toXmlAttributeValue(Ljava/lang/String;)Ljava/lang/String; @ 33
Event: 392.920 Thread 0x00000000199e7000 Uncommon trap: reason=unstable_if action=reinterpret pc=0x0000000002f4f13c method=com.android.utils.XmlUtils.append(Lcom/android/utils/XmlUtils$PositionAwareStringBuilder;Lorg/w3c/dom/Node;Ljava/util/Map;)V @ 450
Event: 392.920 Thread 0x00000000199e7000 Uncommon trap: reason=unstable_if action=reinterpret pc=0x0000000002f4f13c method=com.android.utils.XmlUtils.append(Lcom/android/utils/XmlUtils$PositionAwareStringBuilder;Lorg/w3c/dom/Node;Ljava/util/Map;)V @ 450
Event: 393.000 Thread 0x00000000199e7000 Uncommon trap: reason=unstable_if action=reinterpret pc=0x0000000002f4f13c method=com.android.utils.XmlUtils.append(Lcom/android/utils/XmlUtils$PositionAwareStringBuilder;Lorg/w3c/dom/Node;Ljava/util/Map;)V @ 450

Classes redefined (0 events):
No events

Internal exceptions (10 events):
Event: 386.129 Thread 0x00000000199e7000 Implicit null exception at 0x0000000004b84711 to 0x0000000004b85231
Event: 386.237 Thread 0x00000000199e7000 Implicit null exception at 0x0000000004b53836 to 0x0000000004b5501d
Event: 386.697 Thread 0x00000000199e7000 Implicit null exception at 0x0000000004bfde7d to 0x0000000004bfe5c3
Event: 387.137 Thread 0x00000000199e7000 Implicit null exception at 0x0000000004c9ec17 to 0x0000000004c9ed53
Event: 387.338 Thread 0x00000000199e4000 Exception <a 'java/io/FileNotFoundException'> (0x00000000fb1b6758) thrown at [C:\src\AOSP-openjdk-git\hotspot\src\share\vm\prims\jni.cpp, line 710]
Event: 387.480 Thread 0x00000000199e4000 Exception <a 'java/io/FileNotFoundException'> (0x00000000fb769488) thrown at [C:\src\AOSP-openjdk-git\hotspot\src\share\vm\prims\jni.cpp, line 710]
Event: 392.865 Thread 0x00000000199e7000 Implicit null exception at 0x0000000004ba061f to 0x0000000004ba10ef
Event: 392.919 Thread 0x00000000199e7000 Implicit null exception at 0x0000000002f5182a to 0x0000000002f4f10d
Event: 392.920 Thread 0x00000000199e7000 Implicit null exception at 0x0000000002f5182a to 0x0000000002f4f10d
Event: 393.000 Thread 0x00000000199e7000 Implicit null exception at 0x0000000002f5182a to 0x0000000002f4f10d

Events (10 events):
Event: 393.243 loading class com/android/utils/GrabProcessOutput$1
Event: 393.243 loading class com/android/utils/GrabProcessOutput$1 done
Event: 393.244 loading class com/android/utils/GrabProcessOutput$2
Event: 393.244 loading class com/android/utils/GrabProcessOutput$2 done
Event: 393.245 Thread 0x0000000015ce7000 Thread added: 0x0000000015ce7000
Event: 393.245 Thread 0x0000000015ce5000 Thread added: 0x0000000015ce5000
Event: 393.245 Thread 0x0000000015ce5800 Thread added: 0x0000000015ce5800
Event: 393.246 Thread 0x0000000015cee000 Thread added: 0x0000000015cee000
Event: 393.247 Thread 0x0000000015ce8000 Thread added: 0x0000000015ce8000
Event: 393.247 Thread 0x0000000015ced000 Thread added: 0x0000000015ced000


Dynamic libraries:
0x00007ff70dc30000 - 0x00007ff70dc61000 	C:\Program Files\Android\Android Studio\jre\bin\java.exe
0x00007ffafe710000 - 0x00007ffafe8d1000 	C:\Windows\SYSTEM32\ntdll.dll
0x00007ffafdd60000 - 0x00007ffafde0d000 	C:\Windows\system32\KERNEL32.DLL
0x00007ffafb000000 - 0x00007ffafb1e8000 	C:\Windows\system32\KERNELBASE.dll
0x00007ffafe5b0000 - 0x00007ffafe657000 	C:\Windows\system32\ADVAPI32.dll
0x00007ffafe670000 - 0x00007ffafe70d000 	C:\Windows\system32\msvcrt.dll
0x00007ffafbb10000 - 0x00007ffafbb6c000 	C:\Windows\system32\sechost.dll
0x00007ffafd870000 - 0x00007ffafd98d000 	C:\Windows\system32\RPCRT4.dll
0x00007ffafe280000 - 0x00007ffafe3d6000 	C:\Windows\system32\USER32.dll
0x00007ffafe420000 - 0x00007ffafe5a7000 	C:\Windows\system32\GDI32.dll
0x00007ffaee9b0000 - 0x00007ffaeec24000 	C:\Windows\WinSxS\amd64_microsoft.windows.common-controls_6595b64144ccf1df_6.0.10586.839_none_a2ddba30a539a2ae\COMCTL32.dll
0x00007ffafd990000 - 0x00007ffafdc0e000 	C:\Windows\system32\combase.dll
0x00007ffafaf90000 - 0x00007ffafaffa000 	C:\Windows\system32\bcryptPrimitives.dll
0x00007ffafe3e0000 - 0x00007ffafe41b000 	C:\Windows\system32\IMM32.DLL
0x0000000050370000 - 0x0000000050442000 	C:\Program Files\Android\Android Studio\jre\jre\bin\msvcr100.dll
0x0000000050530000 - 0x0000000050d7b000 	C:\Program Files\Android\Android Studio\jre\jre\bin\server\jvm.dll
0x00007ffafd300000 - 0x00007ffafd308000 	C:\Windows\system32\PSAPI.DLL
0x00007ffad10b0000 - 0x00007ffad10b9000 	C:\Windows\SYSTEM32\WSOCK32.dll
0x00007ffafdfa0000 - 0x00007ffafe00b000 	C:\Windows\system32\WS2_32.dll
0x00007ffaf8ff0000 - 0x00007ffaf9013000 	C:\Windows\SYSTEM32\WINMM.dll
0x00007ffaf78b0000 - 0x00007ffaf78ba000 	C:\Windows\SYSTEM32\VERSION.dll
0x00007ffaf8fc0000 - 0x00007ffaf8fec000 	C:\Windows\SYSTEM32\WINMMBASE.dll
0x00007ffafb990000 - 0x00007ffafb9d3000 	C:\Windows\system32\cfgmgr32.dll
0x00007ffaf3cc0000 - 0x00007ffaf3ccf000 	C:\Program Files\Android\Android Studio\jre\jre\bin\verify.dll
0x00007ffaded80000 - 0x00007ffadeda9000 	C:\Program Files\Android\Android Studio\jre\jre\bin\java.dll
0x00007ffadf140000 - 0x00007ffadf156000 	C:\Program Files\Android\Android Studio\jre\jre\bin\zip.dll
0x00007ffafbd80000 - 0x00007ffafd2dc000 	C:\Windows\system32\SHELL32.dll
0x00007ffafb1f0000 - 0x00007ffafb835000 	C:\Windows\system32\windows.storage.dll
0x00007ffafe070000 - 0x00007ffafe0c2000 	C:\Windows\system32\shlwapi.dll
0x00007ffafadb0000 - 0x00007ffafadbf000 	C:\Windows\system32\kernel.appcore.dll
0x00007ffafb8d0000 - 0x00007ffafb985000 	C:\Windows\system32\shcore.dll
0x00007ffafad30000 - 0x00007ffafad7b000 	C:\Windows\system32\powrprof.dll
0x00007ffafad80000 - 0x00007ffafad94000 	C:\Windows\system32\profapi.dll
0x00007ffadd610000 - 0x00007ffadd62a000 	C:\Program Files\Android\Android Studio\jre\jre\bin\net.dll
0x00007ffafa600000 - 0x00007ffafa65c000 	C:\Windows\system32\mswsock.dll
0x00007ffad11b0000 - 0x00007ffad11c3000 	C:\Program Files\Android\Android Studio\jre\jre\bin\nio.dll
0x00007ffaf02b0000 - 0x00007ffaf02ce000 	C:\Users\User\.gradle\native\25\windows-amd64\native-platform.dll
0x00007ffaf3cb0000 - 0x00007ffaf3cbd000 	C:\Program Files\Android\Android Studio\jre\jre\bin\management.dll
0x00007ffafa6b0000 - 0x00007ffafa6c7000 	C:\Windows\SYSTEM32\CRYPTSP.dll
0x00007ffafa340000 - 0x00007ffafa374000 	C:\Windows\system32\rsaenh.dll
0x00007ffafac60000 - 0x00007ffafac89000 	C:\Windows\SYSTEM32\bcrypt.dll
0x00007ffafa490000 - 0x00007ffafa4af000 	C:\Windows\SYSTEM32\USERENV.dll
0x00007ffafa830000 - 0x00007ffafa83b000 	C:\Windows\SYSTEM32\CRYPTBASE.dll
0x00007ffaf88f0000 - 0x00007ffaf8928000 	C:\Windows\SYSTEM32\IPHLPAPI.DLL
0x00007ffafdf90000 - 0x00007ffafdf98000 	C:\Windows\system32\NSI.dll
0x00007ffaf71c0000 - 0x00007ffaf71d6000 	C:\Windows\SYSTEM32\dhcpcsvc6.DLL
0x00007ffaf71a0000 - 0x00007ffaf71ba000 	C:\Windows\SYSTEM32\dhcpcsvc.DLL
0x00007ffaf1a50000 - 0x00007ffaf1a74000 	C:\Program Files\Android\Android Studio\jre\jre\bin\sunec.dll
0x00007ffaf9860000 - 0x00007ffaf990a000 	C:\Windows\SYSTEM32\DNSAPI.dll
0x00007ffaf21e0000 - 0x00007ffaf21ea000 	C:\Windows\System32\rasadhlp.dll
0x00007ffaf4400000 - 0x00007ffaf4467000 	C:\Windows\System32\fwpuclnt.dll
0x00007ffaf3100000 - 0x00007ffaf310b000 	C:\Program Files\Android\Android Studio\jre\jre\bin\sunmscapi.dll
0x00007ffafadc0000 - 0x00007ffafaf88000 	C:\Windows\system32\CRYPT32.dll
0x00007ffafada0000 - 0x00007ffafadb0000 	C:\Windows\system32\MSASN1.dll
0x00007ffacfa10000 - 0x00007ffacfbac000 	C:\Program Files\Android\Android Studio\jre\jre\bin\awt.dll
0x00007ffafd7a0000 - 0x00007ffafd866000 	C:\Windows\system32\OLEAUT32.dll
0x00007ffaf9050000 - 0x00007ffaf9072000 	C:\Windows\SYSTEM32\dwmapi.dll
0x00007ffaf1c60000 - 0x00007ffaf21a5000 	C:\Windows\SYSTEM32\d2d1.dll
0x00007ffaf95e0000 - 0x00007ffaf9659000 	C:\Windows\system32\apphelp.dll
0x00007ffaf9770000 - 0x00007ffaf9806000 	C:\Windows\system32\uxtheme.dll

VM Arguments:
jvm_args: -XX:MaxHeapSize=512m -Xmx512m -Dfile.encoding=windows-1256 -Duser.country=US -Duser.language=en -Duser.variant 
java_command: org.gradle.launcher.daemon.bootstrap.GradleDaemon 4.6
java_class_path (initial): C:\Users\User\.gradle\wrapper\dists\gradle-4.6-all\bcst21l2brirad8k2ben1letg\gradle-4.6\lib\gradle-launcher-4.6.jar
Launcher Type: SUN_STANDARD

Environment Variables:
JAVA_HOME=C:\Program Files\Java\jdk1.8.0_25
PATH=C:\ProgramData\Oracle\Java\javapath;C:\Program Files\Java\jdk1.8.0_25\bin;C:\Windows\system32;C:\Windows;C:\Windows\System32\Wbem;C:\Windows\System32\WindowsPowerShell\v1.0\;C:\Program Files\Java\jdk1.8.0_25\bin;C:\Program Files\Microsoft SQL Server\Client SDK\ODBC\130\Tools\Binn\;C:\Program Files (x86)\Microsoft SQL Server\140\Tools\Binn\;C:\Program Files\Microsoft SQL Server\140\Tools\Binn\;C:\Program Files\Microsoft SQL Server\140\DTS\Binn\;C:\Program Files\nodejs;C:\Program Files\Git\cmd;C:\Users\User\AppData\Local\Programs\Azure Data Studio\bin;C:\Users\User\AppData\Local\Programs\Python\Python38-32
USERNAME=User
OS=Windows_NT
PROCESSOR_IDENTIFIER=AMD64 Family 22 Model 48 Stepping 1, AuthenticAMD



---------------  S Y S T E M  ---------------

OS: Windows 10.0 , 64 bit Build 10586 (10.0.10586.589)

CPU:total 4 (initial active 4) (4 cores per cpu, 1 threads per core) family 22 model 48 stepping 1, cmov, cx8, fxsr, mmx, sse, sse2, sse3, ssse3, sse4.1, sse4.2, popcnt, avx, aes, clmul, mmxext, 3dnowpref, lzcnt, sse4a, tsc, tscinvbit, tscinv, bmi1

Memory: 4k page, physical 7260976k(910724k free), swap 7260976k(5856k free)

vm_info: OpenJDK 64-Bit Server VM (25.242-b01) for windows-amd64 JRE (1.8.0_242-release-1644-b01), built by "builder" with MS VC++ 10.0 (VS2010)

time: Thu May 27 00:34:25 2021
timezone: Pacific Daylight Time
elapsed time: 393 seconds (0d 0h 6m 33s)

