#
# There is insufficient memory for the Java Runtime Environment to continue.
# Native memory allocation (malloc) failed to allocate 278576 bytes for Chunk::new
# Possible reasons:
#   The system is out of physical RAM or swap space
#   The process is running with CompressedOops enabled, and the Java Heap may be blocking the growth of the native heap
# Possible solutions:
#   Reduce memory load on the system
#   Increase physical memory or swap space
#   Check if swap backing store is full
#   Decrease Java heap size (-Xmx/-Xms)
#   Decrease number of Java threads
#   Decrease Java thread stack sizes (-Xss)
#   Set larger code cache with -XX:ReservedCodeCacheSize=
#   JVM is running with Unscaled Compressed Oops mode in which the Java heap is
#     placed in the first 4GB address space. The Java Heap base address is the
#     maximum limit for the native heap growth. Please use -XX:HeapBaseMinAddress
#     to set the Java Heap base and to place the Java Heap above 4GB virtual address.
# This output file may be truncated or incomplete.
#
#  Out of Memory Error (allocation.cpp:389), pid=9700, tid=0x00000000000022c0
#
# JRE version: OpenJDK Runtime Environment (8.0_242-b01) (build 1.8.0_242-release-1644-b01)
# Java VM: OpenJDK 64-Bit Server VM (25.242-b01 mixed mode windows-amd64 compressed oops)
# Failed to write core dump. Minidumps are not enabled by default on client versions of Windows
#

---------------  T H R E A D  ---------------

Current thread (0x00000000145ca000):  JavaThread "C2 CompilerThread1" daemon [_thread_in_native, id=8896, stack(0x0000000015d00000,0x0000000015e00000)]

Stack: [0x0000000015d00000,0x0000000015e00000]
[error occurred during error reporting (printing stack bounds), id 0xc0000005]

Native frames: (J=compiled Java code, j=interpreted, Vv=VM code, C=native code)


Current CompileTask:
C2: 139344 6886       4       com.google.common.collect.AbstractMapBasedMultimap::put (92 bytes)


---------------  P R O C E S S  ---------------

Java Threads: ( => current thread )
  0x0000000017ba2800 JavaThread "Cache worker for file content cache (E:\New folder (2)\Backup-Parcparent2moh-master\.gradle\4.6\fileContent)" [_thread_blocked, id=2940, stack(0x000000001fd50000,0x000000001fe50000)]
  0x0000000017ba0800 JavaThread "File lock release action executor" [_thread_blocked, id=9568, stack(0x000000001e3b0000,0x000000001e4b0000)]
  0x00000000169fa800 JavaThread "Memory manager" [_thread_blocked, id=8260, stack(0x000000001dcb0000,0x000000001ddb0000)]
  0x00000000169f7800 JavaThread "Build operations Thread 4" [_thread_blocked, id=9728, stack(0x000000001d4b0000,0x000000001d5b0000)]
  0x00000000169f9000 JavaThread "Build operations Thread 3" [_thread_blocked, id=6916, stack(0x000000001d3b0000,0x000000001d4b0000)]
  0x00000000169f8000 JavaThread "Build operations Thread 2" [_thread_blocked, id=9208, stack(0x000000001d2b0000,0x000000001d3b0000)]
  0x00000000169fb000 JavaThread "Build operations" [_thread_blocked, id=2904, stack(0x000000001ced0000,0x000000001cfd0000)]
  0x00000000169f5000 JavaThread "Cache worker for Artifact transforms cache (C:\Users\User\.gradle\caches\transforms-1)" [_thread_blocked, id=5252, stack(0x000000001b190000,0x000000001b290000)]
  0x00000000197c0000 JavaThread "Cache worker for file hash cache (E:\New folder (2)\Backup-Parcparent2moh-master\.gradle\4.6\fileHashes)" [_thread_blocked, id=9116, stack(0x000000001a0c0000,0x000000001a1c0000)]
  0x0000000016f27800 JavaThread "File lock request listener" [_thread_in_native, id=8380, stack(0x0000000019fc0000,0x000000001a0c0000)]
  0x0000000015f78000 JavaThread "Cache worker for file hash cache (C:\Users\User\.gradle\caches\4.6\fileHashes)" [_thread_blocked, id=8272, stack(0x0000000019ec0000,0x0000000019fc0000)]
  0x0000000016853800 JavaThread "Asynchronous log dispatcher for DefaultDaemonConnection: socket connection from /127.0.0.1:14725 to /127.0.0.1:14726" [_thread_blocked, id=6468, stack(0x0000000018af0000,0x0000000018bf0000)]
  0x0000000015fb7000 JavaThread "Daemon worker" [_thread_in_native, id=5852, stack(0x00000000189f0000,0x0000000018af0000)]
  0x0000000016ad8000 JavaThread "Cancel handler" [_thread_blocked, id=7668, stack(0x00000000188f0000,0x00000000189f0000)]
  0x00000000168c8000 JavaThread "Handler for socket connection from /127.0.0.1:14725 to /127.0.0.1:14726" [_thread_in_native, id=8240, stack(0x00000000185f0000,0x00000000186f0000)]
  0x00000000168c7000 JavaThread "Daemon" [_thread_blocked, id=8452, stack(0x00000000184f0000,0x00000000185f0000)]
  0x0000000016003800 JavaThread "Daemon periodic checks" [_thread_blocked, id=7740, stack(0x00000000183f0000,0x00000000184f0000)]
  0x00000000168d4000 JavaThread "Incoming local TCP Connector on port 14725" [_thread_in_native, id=3152, stack(0x0000000018210000,0x0000000018310000)]
  0x0000000015e6c800 JavaThread "Service Thread" daemon [_thread_blocked, id=9064, stack(0x0000000016300000,0x0000000016400000)]
  0x0000000015e1a800 JavaThread "C1 CompilerThread2" daemon [_thread_blocked, id=8408, stack(0x0000000016200000,0x0000000016300000)]
=>0x00000000145ca000 JavaThread "C2 CompilerThread1" daemon [_thread_in_native, id=8896, stack(0x0000000015d00000,0x0000000015e00000)]
  0x00000000145c7000 JavaThread "C2 CompilerThread0" daemon [_thread_blocked, id=10188, stack(0x0000000015c00000,0x0000000015d00000)]
  0x00000000145c4800 JavaThread "Attach Listener" daemon [_thread_blocked, id=5596, stack(0x0000000015b00000,0x0000000015c00000)]
  0x0000000014612800 JavaThread "Signal Dispatcher" daemon [_thread_blocked, id=8928, stack(0x0000000015a00000,0x0000000015b00000)]
  0x000000000319b000 JavaThread "Finalizer" daemon [_thread_blocked, id=5420, stack(0x0000000015820000,0x0000000015920000)]
  0x00000000145a9000 JavaThread "Reference Handler" daemon [_thread_blocked, id=3696, stack(0x0000000015720000,0x0000000015820000)]
  0x0000000002e9d800 JavaThread "main" [_thread_blocked, id=8684, stack(0x0000000002fa0000,0x00000000030a0000)]

Other Threads:
  0x0000000014586800 VMThread [stack: 0x0000000015620000,0x0000000015720000] [id=9256]
  0x0000000015e6f000 WatcherThread [stack: 0x0000000016400000,0x0000000016500000] [id=9824]

VM state:not at safepoint (normal execution)

VM Mutex/Monitor currently owned by a thread: None

heap address: 0x00000000e0000000, size: 512 MB, Compressed Oops mode: 32-bit
Narrow klass base: 0x0000000000000000, Narrow klass shift: 3
Compressed class space size: 1073741824 Address: 0x0000000100000000

Heap:
 PSYoungGen      total 124416K, used 36522K [0x00000000f5580000, 0x00000000fe700000, 0x0000000100000000)
  eden space 113664K, 24% used [0x00000000f5580000,0x00000000f706e598,0x00000000fc480000)
  from space 10752K, 83% used [0x00000000fc480000,0x00000000fcd3c610,0x00000000fcf00000)
  to   space 11776K, 0% used [0x00000000fdb80000,0x00000000fdb80000,0x00000000fe700000)
 ParOldGen       total 84992K, used 28809K [0x00000000e0000000, 0x00000000e5300000, 0x00000000f5580000)
  object space 84992K, 33% used [0x00000000e0000000,0x00000000e1c22760,0x00000000e5300000)
 Metaspace       used 55078K, capacity 56808K, committed 57048K, reserved 1097728K
  class space    used 7438K, capacity 7875K, committed 7936K, reserved 1048576K

Card table byte_map: [0x0000000012560000,0x0000000012670000] byte_map_base: 0x0000000011e60000

Marking Bits: (ParMarkBitMap*) 0x000000006515f030
 Begin Bits: [0x0000000012b20000, 0x0000000013320000)
 End Bits:   [0x0000000013320000, 0x0000000013b20000)

Polling page: 0x0000000001620000

CodeCache: size=245760Kb used=20646Kb max_used=21159Kb free=225113Kb
 bounds [0x00000000031a0000, 0x0000000004660000, 0x00000000121a0000]
 total_blobs=6896 nmethods=6125 adapters=685
 compilation: enabled

Compilation events (10 events):
Event: 139.199 Thread 0x0000000015e1a800 nmethod 6907 0x0000000003c12450 code [0x0000000003c12640, 0x0000000003c130b8]
Event: 139.199 Thread 0x0000000015e1a800 6902       3       org.gradle.model.internal.registry.RuleBindings$PathPredicateIndex::addNode (13 bytes)
Event: 139.199 Thread 0x0000000015e1a800 nmethod 6902 0x00000000034bc510 code [0x00000000034bc6a0, 0x00000000034bc948]
Event: 139.200 Thread 0x0000000015e1a800 6899       1       org.gradle.model.internal.registry.DefaultModelRegistry$MakeKnown::doIsAchieved (2 bytes)
Event: 139.200 Thread 0x0000000015e1a800 nmethod 6899 0x0000000003365190 code [0x00000000033652e0, 0x00000000033653f0]
Event: 139.200 Thread 0x0000000015e1a800 6900       1       org.gradle.model.internal.registry.DefaultModelRegistry$ModelGoal::calculateDependencies (2 bytes)
Event: 139.200 Thread 0x0000000015e1a800 nmethod 6900 0x0000000003407690 code [0x00000000034077e0, 0x00000000034078f0]
Event: 139.202 Thread 0x00000000145c7000 nmethod 6908 0x0000000003536d90 code [0x0000000003536ee0, 0x0000000003537038]
Event: 139.202 Thread 0x00000000145c7000 6909       4       com.google.common.collect.AbstractMapBasedMultimap::wrapCollection (73 bytes)
Event: 139.209 Thread 0x00000000145c7000 nmethod 6909 0x0000000003cd2350 code [0x0000000003cd24c0, 0x0000000003cd27d8]

GC Heap History (10 events):
Event: 107.292 GC heap before
{Heap before GC invocations=17 (full 2):
 PSYoungGen      total 99840K, used 89056K [0x00000000f5580000, 0x00000000fc700000, 0x0000000100000000)
  eden space 88576K, 100% used [0x00000000f5580000,0x00000000fac00000,0x00000000fac00000)
  from space 11264K, 4% used [0x00000000fb780000,0x00000000fb7f8000,0x00000000fc280000)
  to   space 11776K, 0% used [0x00000000fac00000,0x00000000fac00000,0x00000000fb780000)
 ParOldGen       total 84992K, used 28713K [0x00000000e0000000, 0x00000000e5300000, 0x00000000f5580000)
  object space 84992K, 33% used [0x00000000e0000000,0x00000000e1c0a750,0x00000000e5300000)
 Metaspace       used 44176K, capacity 45106K, committed 45272K, reserved 1087488K
  class space    used 6015K, capacity 6330K, committed 6400K, reserved 1048576K
Event: 107.299 GC heap after
Heap after GC invocations=17 (full 2):
 PSYoungGen      total 100352K, used 1434K [0x00000000f5580000, 0x00000000fd080000, 0x0000000100000000)
  eden space 88576K, 0% used [0x00000000f5580000,0x00000000f5580000,0x00000000fac00000)
  from space 11776K, 12% used [0x00000000fac00000,0x00000000fad66a10,0x00000000fb780000)
  to   space 11776K, 0% used [0x00000000fc500000,0x00000000fc500000,0x00000000fd080000)
 ParOldGen       total 84992K, used 28721K [0x00000000e0000000, 0x00000000e5300000, 0x00000000f5580000)
  object space 84992K, 33% used [0x00000000e0000000,0x00000000e1c0c750,0x00000000e5300000)
 Metaspace       used 44176K, capacity 45106K, committed 45272K, reserved 1087488K
  class space    used 6015K, capacity 6330K, committed 6400K, reserved 1048576K
}
Event: 111.495 GC heap before
{Heap before GC invocations=18 (full 2):
 PSYoungGen      total 100352K, used 90010K [0x00000000f5580000, 0x00000000fd080000, 0x0000000100000000)
  eden space 88576K, 100% used [0x00000000f5580000,0x00000000fac00000,0x00000000fac00000)
  from space 11776K, 12% used [0x00000000fac00000,0x00000000fad66a10,0x00000000fb780000)
  to   space 11776K, 0% used [0x00000000fc500000,0x00000000fc500000,0x00000000fd080000)
 ParOldGen       total 84992K, used 28721K [0x00000000e0000000, 0x00000000e5300000, 0x00000000f5580000)
  object space 84992K, 33% used [0x00000000e0000000,0x00000000e1c0c750,0x00000000e5300000)
 Metaspace       used 48147K, capacity 49180K, committed 49240K, reserved 1091584K
  class space    used 6445K, capacity 6781K, committed 6784K, reserved 1048576K
Event: 111.511 GC heap after
Heap after GC invocations=18 (full 2):
 PSYoungGen      total 113152K, used 5237K [0x00000000f5580000, 0x00000000fcf80000, 0x0000000100000000)
  eden space 102400K, 0% used [0x00000000f5580000,0x00000000f5580000,0x00000000fb980000)
  from space 10752K, 48% used [0x00000000fc500000,0x00000000fca1d478,0x00000000fcf80000)
  to   space 11264K, 0% used [0x00000000fb980000,0x00000000fb980000,0x00000000fc480000)
 ParOldGen       total 84992K, used 28729K [0x00000000e0000000, 0x00000000e5300000, 0x00000000f5580000)
  object space 84992K, 33% used [0x00000000e0000000,0x00000000e1c0e750,0x00000000e5300000)
 Metaspace       used 48147K, capacity 49180K, committed 49240K, reserved 1091584K
  class space    used 6445K, capacity 6781K, committed 6784K, reserved 1048576K
}
Event: 113.684 GC heap before
{Heap before GC invocations=19 (full 2):
 PSYoungGen      total 113152K, used 107637K [0x00000000f5580000, 0x00000000fcf80000, 0x0000000100000000)
  eden space 102400K, 100% used [0x00000000f5580000,0x00000000fb980000,0x00000000fb980000)
  from space 10752K, 48% used [0x00000000fc500000,0x00000000fca1d478,0x00000000fcf80000)
  to   space 11264K, 0% used [0x00000000fb980000,0x00000000fb980000,0x00000000fc480000)
 ParOldGen       total 84992K, used 28729K [0x00000000e0000000, 0x00000000e5300000, 0x00000000f5580000)
  object space 84992K, 33% used [0x00000000e0000000,0x00000000e1c0e750,0x00000000e5300000)
 Metaspace       used 48351K, capacity 49418K, committed 49624K, reserved 1091584K
  class space    used 6455K, capacity 6790K, committed 6912K, reserved 1048576K
Event: 113.701 GC heap after
Heap after GC invocations=19 (full 2):
 PSYoungGen      total 113664K, used 5590K [0x00000000f5580000, 0x00000000fdb80000, 0x0000000100000000)
  eden space 102400K, 0% used [0x00000000f5580000,0x00000000f5580000,0x00000000fb980000)
  from space 11264K, 49% used [0x00000000fb980000,0x00000000fbef5b08,0x00000000fc480000)
  to   space 10752K, 0% used [0x00000000fd100000,0x00000000fd100000,0x00000000fdb80000)
 ParOldGen       total 84992K, used 28801K [0x00000000e0000000, 0x00000000e5300000, 0x00000000f5580000)
  object space 84992K, 33% used [0x00000000e0000000,0x00000000e1c20760,0x00000000e5300000)
 Metaspace       used 48351K, capacity 49418K, committed 49624K, reserved 1091584K
  class space    used 6455K, capacity 6790K, committed 6912K, reserved 1048576K
}
Event: 121.284 GC heap before
{Heap before GC invocations=20 (full 2):
 PSYoungGen      total 113664K, used 107990K [0x00000000f5580000, 0x00000000fdb80000, 0x0000000100000000)
  eden space 102400K, 100% used [0x00000000f5580000,0x00000000fb980000,0x00000000fb980000)
  from space 11264K, 49% used [0x00000000fb980000,0x00000000fbef5b08,0x00000000fc480000)
  to   space 10752K, 0% used [0x00000000fd100000,0x00000000fd100000,0x00000000fdb80000)
 ParOldGen       total 84992K, used 28801K [0x00000000e0000000, 0x00000000e5300000, 0x00000000f5580000)
  object space 84992K, 33% used [0x00000000e0000000,0x00000000e1c20760,0x00000000e5300000)
 Metaspace       used 48352K, capacity 49418K, committed 49624K, reserved 1091584K
  class space    used 6455K, capacity 6790K, committed 6912K, reserved 1048576K
Event: 121.293 GC heap after
Heap after GC invocations=20 (full 2):
 PSYoungGen      total 122368K, used 1974K [0x00000000f5580000, 0x00000000fd980000, 0x0000000100000000)
  eden space 113664K, 0% used [0x00000000f5580000,0x00000000f5580000,0x00000000fc480000)
  from space 8704K, 22% used [0x00000000fd100000,0x00000000fd2edb08,0x00000000fd980000)
  to   space 10752K, 0% used [0x00000000fc480000,0x00000000fc480000,0x00000000fcf00000)
 ParOldGen       total 84992K, used 28801K [0x00000000e0000000, 0x00000000e5300000, 0x00000000f5580000)
  object space 84992K, 33% used [0x00000000e0000000,0x00000000e1c20760,0x00000000e5300000)
 Metaspace       used 48352K, capacity 49418K, committed 49624K, reserved 1091584K
  class space    used 6455K, capacity 6790K, committed 6912K, reserved 1048576K
}
Event: 132.956 GC heap before
{Heap before GC invocations=21 (full 2):
 PSYoungGen      total 122368K, used 115638K [0x00000000f5580000, 0x00000000fd980000, 0x0000000100000000)
  eden space 113664K, 100% used [0x00000000f5580000,0x00000000fc480000,0x00000000fc480000)
  from space 8704K, 22% used [0x00000000fd100000,0x00000000fd2edb08,0x00000000fd980000)
  to   space 10752K, 0% used [0x00000000fc480000,0x00000000fc480000,0x00000000fcf00000)
 ParOldGen       total 84992K, used 28801K [0x00000000e0000000, 0x00000000e5300000, 0x00000000f5580000)
  object space 84992K, 33% used [0x00000000e0000000,0x00000000e1c20760,0x00000000e5300000)
 Metaspace       used 54106K, capacity 55770K, committed 55896K, reserved 1097728K
  class space    used 7316K, capacity 7770K, committed 7808K, reserved 1048576K
Event: 132.981 GC heap after
Heap after GC invocations=21 (full 2):
 PSYoungGen      total 124416K, used 8945K [0x00000000f5580000, 0x00000000fe700000, 0x0000000100000000)
  eden space 113664K, 0% used [0x00000000f5580000,0x00000000f5580000,0x00000000fc480000)
  from space 10752K, 83% used [0x00000000fc480000,0x00000000fcd3c610,0x00000000fcf00000)
  to   space 11776K, 0% used [0x00000000fdb80000,0x00000000fdb80000,0x00000000fe700000)
 ParOldGen       total 84992K, used 28809K [0x00000000e0000000, 0x00000000e5300000, 0x00000000f5580000)
  object space 84992K, 33% used [0x00000000e0000000,0x00000000e1c22760,0x00000000e5300000)
 Metaspace       used 54106K, capacity 55770K, committed 55896K, reserved 1097728K
  class space    used 7316K, capacity 7770K, committed 7808K, reserved 1048576K
}

Deoptimization events (10 events):
Event: 133.034 Thread 0x0000000015fb7000 Uncommon trap: reason=class_check action=maybe_recompile pc=0x0000000003d5ebbc method=org.gradle.model.internal.type.ModelType.wrap(Ljava/lang/reflect/Type;)Lorg/gradle/model/internal/type/TypeWrapper; @ 33
Event: 133.034 Thread 0x0000000015fb7000 Uncommon trap: reason=class_check action=maybe_recompile pc=0x0000000003d5ec24 method=org.gradle.model.internal.type.ModelType.wrap(Ljava/lang/reflect/Type;)Lorg/gradle/model/internal/type/TypeWrapper; @ 83
Event: 133.349 Thread 0x0000000015fb7000 Uncommon trap: reason=unstable_if action=reinterpret pc=0x000000000444234c method=org.gradle.internal.reflect.PropertyAccessorType.of(Ljava/lang/reflect/Method;)Lorg/gradle/internal/reflect/PropertyAccessorType; @ 4
Event: 133.577 Thread 0x0000000015fb7000 Uncommon trap: reason=class_check action=maybe_recompile pc=0x000000000449c884 method=com.google.common.collect.AbstractMapBasedMultimap.put(Ljava/lang/Object;Ljava/lang/Object;)Z @ 10
Event: 133.578 Thread 0x0000000015fb7000 Uncommon trap: reason=class_check action=maybe_recompile pc=0x000000000449c884 method=com.google.common.collect.AbstractMapBasedMultimap.put(Ljava/lang/Object;Ljava/lang/Object;)Z @ 10
Event: 133.578 Thread 0x0000000015fb7000 Uncommon trap: reason=class_check action=maybe_recompile pc=0x000000000449c884 method=com.google.common.collect.AbstractMapBasedMultimap.put(Ljava/lang/Object;Ljava/lang/Object;)Z @ 10
Event: 133.578 Thread 0x0000000015fb7000 Uncommon trap: reason=class_check action=maybe_recompile pc=0x000000000449c884 method=com.google.common.collect.AbstractMapBasedMultimap.put(Ljava/lang/Object;Ljava/lang/Object;)Z @ 10
Event: 134.386 Thread 0x0000000015fb7000 Uncommon trap: reason=unstable_if action=reinterpret pc=0x00000000040ab168 method=java.util.regex.Pattern$GroupTail.match(Ljava/util/regex/Matcher;ILjava/lang/CharSequence;)Z @ 73
Event: 134.494 Thread 0x0000000015fb7000 Uncommon trap: reason=unstable_if action=reinterpret pc=0x0000000004165c00 method=java.util.regex.Pattern.closure(Ljava/util/regex/Pattern$Node;)Ljava/util/regex/Pattern$Node; @ 113
Event: 134.496 Thread 0x0000000015fb7000 Uncommon trap: reason=unstable_if action=reinterpret pc=0x0000000003734510 method=java.lang.AbstractStringBuilder.append(Ljava/lang/String;)Ljava/lang/AbstractStringBuilder; @ 1

Classes redefined (0 events):
No events

Internal exceptions (10 events):
Event: 132.659 Thread 0x0000000015fb7000 Exception <a 'java/lang/ClassNotFoundException': com/android/build/gradle/internal/api/BaseVariantOutputImplCustomizer> (0x00000000fbf70ec8) thrown at [C:\src\AOSP-openjdk-git\hotspot\src\share\vm\classfile\systemDictionary.cpp, line 210]
Event: 132.662 Thread 0x0000000015fb7000 Exception <a 'java/lang/ClassNotFoundException': com/android/build/gradle/internal/api/ApkVariantOutputImplCustomizer> (0x00000000fbfa5ce0) thrown at [C:\src\AOSP-openjdk-git\hotspot\src\share\vm\classfile\systemDictionary.cpp, line 210]
Event: 132.665 Thread 0x0000000015fb7000 Exception <a 'java/lang/ClassNotFoundException': com/android/build/gradle/internal/api/ApkVariantOutputImpl_DecoratedCustomizer> (0x00000000fbfd2388) thrown at [C:\src\AOSP-openjdk-git\hotspot\src\share\vm\classfile\systemDictionary.cpp, line 210]
Event: 133.152 Thread 0x0000000015fb7000 Exception <a 'java/lang/ClassNotFoundException': org/gradle/platform/base/BinaryContainer_ImplBeanInfo> (0x00000000f598ff28) thrown at [C:\src\AOSP-openjdk-git\hotspot\src\share\vm\classfile\systemDictionary.cpp, line 210]
Event: 133.153 Thread 0x0000000015fb7000 Exception <a 'java/lang/ClassNotFoundException': org/gradle/model/internal/core/NodeBackedModelMapBeanInfo> (0x00000000f59a4df8) thrown at [C:\src\AOSP-openjdk-git\hotspot\src\share\vm\classfile\systemDictionary.cpp, line 210]
Event: 133.155 Thread 0x0000000015fb7000 Exception <a 'java/lang/ClassNotFoundException': org/gradle/model/internal/core/ModelMapGroovyViewBeanInfo> (0x00000000f59b9cc8) thrown at [C:\src\AOSP-openjdk-git\hotspot\src\share\vm\classfile\systemDictionary.cpp, line 210]
Event: 133.156 Thread 0x0000000015fb7000 Exception <a 'java/lang/ClassNotFoundException': org/gradle/model/internal/core/ModelMapGroovyViewCustomizer> (0x00000000f59cf920) thrown at [C:\src\AOSP-openjdk-git\hotspot\src\share\vm\classfile\systemDictionary.cpp, line 210]
Event: 133.160 Thread 0x0000000015fb7000 Exception <a 'java/lang/ClassNotFoundException': org/gradle/model/internal/core/NodeBackedModelMapCustomizer> (0x00000000f59f89e0) thrown at [C:\src\AOSP-openjdk-git\hotspot\src\share\vm\classfile\systemDictionary.cpp, line 210]
Event: 133.172 Thread 0x0000000015fb7000 Exception <a 'java/lang/ClassNotFoundException': org/gradle/platform/base/BinaryContainer_ImplCustomizer> (0x00000000f5a5def8) thrown at [C:\src\AOSP-openjdk-git\hotspot\src\share\vm\classfile\systemDictionary.cpp, line 210]
Event: 134.495 Thread 0x0000000015fb7000 Implicit null exception at 0x0000000003733fe2 to 0x0000000003734501

Events (10 events):
Event: 139.131 loading class org/gradle/execution/DefaultBuildExecuter$1
Event: 139.131 loading class org/gradle/execution/DefaultBuildExecuter$1 done
Event: 139.132 loading class org/gradle/execution/SelectedTaskExecutionAction$BindAllReferencesOfProjectsToExecuteListener
Event: 139.132 loading class org/gradle/execution/SelectedTaskExecutionAction$BindAllReferencesOfProjectsToExecuteListener done
Event: 139.135 loading class org/gradle/api/plugins/JavaBasePlugin$12$1
Event: 139.135 loading class org/gradle/api/plugins/JavaBasePlugin$12$1 done
Event: 139.199 loading class org/gradle/execution/taskgraph/DefaultTaskGraphExecuter$EventFiringTaskWorker
Event: 139.199 loading class org/gradle/execution/taskgraph/DefaultTaskGraphExecuter$EventFiringTaskWorker done
Event: 139.200 loading class org/gradle/api/internal/changedetection/state/DefaultTaskHistoryStore
Event: 139.200 loading class org/gradle/api/internal/changedetection/state/DefaultTaskHistoryStore done


Dynamic libraries:
0x00007ff738310000 - 0x00007ff738341000 	C:\Program Files\Android\Android Studio\jre\bin\java.exe
0x00007fffdbec0000 - 0x00007fffdc081000 	C:\Windows\SYSTEM32\ntdll.dll
0x00007fffdb290000 - 0x00007fffdb33d000 	C:\Windows\system32\KERNEL32.DLL
0x00007fffd8a10000 - 0x00007fffd8bf8000 	C:\Windows\system32\KERNELBASE.dll
0x00007fffdbcf0000 - 0x00007fffdbd97000 	C:\Windows\system32\ADVAPI32.dll
0x00007fffdbbf0000 - 0x00007fffdbc8d000 	C:\Windows\system32\msvcrt.dll
0x00007fffd9a40000 - 0x00007fffd9a9c000 	C:\Windows\system32\sechost.dll
0x00007fffdbda0000 - 0x00007fffdbebd000 	C:\Windows\system32\RPCRT4.dll
0x00007fffdb4a0000 - 0x00007fffdb5f6000 	C:\Windows\system32\USER32.dll
0x00007fffdb100000 - 0x00007fffdb287000 	C:\Windows\system32\GDI32.dll
0x00007fffcca80000 - 0x00007fffcccf4000 	C:\Windows\WinSxS\amd64_microsoft.windows.common-controls_6595b64144ccf1df_6.0.10586.839_none_a2ddba30a539a2ae\COMCTL32.dll
0x00007fffdb860000 - 0x00007fffdbade000 	C:\Windows\system32\combase.dll
0x00007fffd8c00000 - 0x00007fffd8c6a000 	C:\Windows\system32\bcryptPrimitives.dll
0x00007fffd92c0000 - 0x00007fffd92fb000 	C:\Windows\system32\IMM32.DLL
0x00000000647d0000 - 0x00000000648a2000 	C:\Program Files\Android\Android Studio\jre\jre\bin\msvcr100.dll
0x0000000064990000 - 0x00000000651db000 	C:\Program Files\Android\Android Studio\jre\jre\bin\server\jvm.dll
0x00007fffdb490000 - 0x00007fffdb498000 	C:\Windows\system32\PSAPI.DLL
0x00007fffd6d20000 - 0x00007fffd6d43000 	C:\Windows\SYSTEM32\WINMM.dll
0x00007fffcaee0000 - 0x00007fffcaee9000 	C:\Windows\SYSTEM32\WSOCK32.dll
0x00007fffd4850000 - 0x00007fffd485a000 	C:\Windows\SYSTEM32\VERSION.dll
0x0000000002d80000 - 0x0000000002dac000 	C:\Windows\SYSTEM32\WINMMBASE.dll
0x00007fffdb090000 - 0x00007fffdb0fb000 	C:\Windows\system32\WS2_32.dll
0x00007fffd8790000 - 0x00007fffd87d3000 	C:\Windows\system32\cfgmgr32.dll
0x00007fffce640000 - 0x00007fffce64f000 	C:\Program Files\Android\Android Studio\jre\jre\bin\verify.dll
0x00007fffa4680000 - 0x00007fffa46a9000 	C:\Program Files\Android\Android Studio\jre\jre\bin\java.dll
0x00007fffc1ed0000 - 0x00007fffc1ee6000 	C:\Program Files\Android\Android Studio\jre\jre\bin\zip.dll
0x00007fffd9ad0000 - 0x00007fffdb02c000 	C:\Windows\system32\SHELL32.dll
0x00007fffd8c70000 - 0x00007fffd92b5000 	C:\Windows\system32\windows.storage.dll
0x00007fffdb030000 - 0x00007fffdb082000 	C:\Windows\system32\shlwapi.dll
0x00007fffd84e0000 - 0x00007fffd84ef000 	C:\Windows\system32\kernel.appcore.dll
0x00007fffd86b0000 - 0x00007fffd8765000 	C:\Windows\system32\shcore.dll
0x00007fffd8520000 - 0x00007fffd856b000 	C:\Windows\system32\powrprof.dll
0x00007fffd84f0000 - 0x00007fffd8504000 	C:\Windows\system32\profapi.dll
0x00007fffa2100000 - 0x00007fffa211a000 	C:\Program Files\Android\Android Studio\jre\jre\bin\net.dll
0x00007fffd7db0000 - 0x00007fffd7e0c000 	C:\Windows\system32\mswsock.dll
0x00007fffa20e0000 - 0x00007fffa20f3000 	C:\Program Files\Android\Android Studio\jre\jre\bin\nio.dll
0x00007fffce320000 - 0x00007fffce33e000 	C:\Users\User\.gradle\native\25\windows-amd64\native-platform.dll
0x00007fffcd2e0000 - 0x00007fffcd2ed000 	C:\Program Files\Android\Android Studio\jre\jre\bin\management.dll
0x00007fffd7e60000 - 0x00007fffd7e77000 	C:\Windows\SYSTEM32\CRYPTSP.dll
0x00007fffd7af0000 - 0x00007fffd7b24000 	C:\Windows\system32\rsaenh.dll
0x00007fffd8410000 - 0x00007fffd8439000 	C:\Windows\SYSTEM32\bcrypt.dll
0x00007fffd7c40000 - 0x00007fffd7c5f000 	C:\Windows\SYSTEM32\USERENV.dll
0x00007fffd7fe0000 - 0x00007fffd7feb000 	C:\Windows\SYSTEM32\CRYPTBASE.dll
0x00007fffd5330000 - 0x00007fffd5368000 	C:\Windows\SYSTEM32\IPHLPAPI.DLL
0x00007fffd9aa0000 - 0x00007fffd9aa8000 	C:\Windows\system32\NSI.dll
0x00007fffd1d00000 - 0x00007fffd1d16000 	C:\Windows\SYSTEM32\dhcpcsvc6.DLL
0x00007fffd1ce0000 - 0x00007fffd1cfa000 	C:\Windows\SYSTEM32\dhcpcsvc.DLL

VM Arguments:
jvm_args: -XX:MaxHeapSize=512m -Xmx512m -Dfile.encoding=windows-1256 -Duser.country=US -Duser.language=en -Duser.variant 
java_command: org.gradle.launcher.daemon.bootstrap.GradleDaemon 4.6
java_class_path (initial): C:\Users\User\.gradle\wrapper\dists\gradle-4.6-all\bcst21l2brirad8k2ben1letg\gradle-4.6\lib\gradle-launcher-4.6.jar
Launcher Type: SUN_STANDARD

Environment Variables:
JAVA_HOME=C:\Program Files\Java\jdk1.8.0_25
PATH=C:\ProgramData\Oracle\Java\javapath;C:\Program Files\Java\jdk1.8.0_25\bin;C:\Windows\system32;C:\Windows;C:\Windows\System32\Wbem;C:\Windows\System32\WindowsPowerShell\v1.0\;C:\Program Files\Java\jdk1.8.0_25\bin;C:\Program Files\Microsoft SQL Server\Client SDK\ODBC\130\Tools\Binn\;C:\Program Files (x86)\Microsoft SQL Server\140\Tools\Binn\;C:\Program Files\Microsoft SQL Server\140\Tools\Binn\;C:\Program Files\Microsoft SQL Server\140\DTS\Binn\;C:\Program Files\nodejs;C:\Program Files\Git\cmd;C:\Users\User\AppData\Local\Programs\Azure Data Studio\bin;C:\Users\User\AppData\Local\Programs\Python\Python38-32
USERNAME=User
OS=Windows_NT
PROCESSOR_IDENTIFIER=AMD64 Family 22 Model 48 Stepping 1, AuthenticAMD



---------------  S Y S T E M  ---------------

OS: Windows 10.0 , 64 bit Build 10586 (10.0.10586.589)

CPU:total 4 (initial active 4) (4 cores per cpu, 1 threads per core) family 22 model 48 stepping 1, cmov, cx8, fxsr, mmx, sse, sse2, sse3, ssse3, sse4.1, sse4.2, popcnt, avx, aes, clmul, mmxext, 3dnowpref, lzcnt, sse4a, tsc, tscinvbit, tscinv, bmi1

Memory: 4k page, physical 7260960k(975624k free), swap 7260960k(5304k free)

vm_info: OpenJDK 64-Bit Server VM (25.242-b01) for windows-amd64 JRE (1.8.0_242-release-1644-b01), built by "builder" with MS VC++ 10.0 (VS2010)

time: Sat Jun 05 02:36:18 2021
timezone: Pacific Daylight Time
elapsed time: 139 seconds (0d 0h 2m 19s)

